mode: set
github.com/Ulbora/json-datastore/store.go:26.62,31.46 5 1
github.com/Ulbora/json-datastore/store.go:39.2,39.12 1 1
github.com/Ulbora/json-datastore/store.go:31.46,35.18 4 1
github.com/Ulbora/json-datastore/store.go:35.18,37.4 1 1
github.com/Ulbora/json-datastore/store.go:42.46,46.44 4 1
github.com/Ulbora/json-datastore/store.go:57.2,57.12 1 1
github.com/Ulbora/json-datastore/store.go:46.44,48.3 1 1
github.com/Ulbora/json-datastore/store.go:48.8,51.17 3 1
github.com/Ulbora/json-datastore/store.go:51.17,53.4 1 1
github.com/Ulbora/json-datastore/store.go:53.9,55.4 1 1
github.com/Ulbora/json-datastore/store.go:61.44,65.20 2 1
github.com/Ulbora/json-datastore/store.go:69.2,70.11 2 1
github.com/Ulbora/json-datastore/store.go:65.20,68.3 2 1
